# JRE version: OpenJDK Runtime Environment (11.0.11+9) (build 11.0.11+9-b60-7590822)
# Java VM: OpenJDK 64-Bit Server VM (11.0.11+9-b60-7590822, mixed mode, tiered, compressed oops, g1 gc, windows-amd64)
Heap:
 garbage-first heap   total 378880K, used 249594K [0x0000000080000000, 0x0000000100000000)
  region size 1024K, 87 young (89088K), 3 survivors (3072K)
 Metaspace       used 103404K, capacity 106212K, committed 106316K, reserved 1140736K
  class space    used 13425K, capacity 14564K, committed 14668K, reserved 1048576K
GC Heap History (20 events):
Event: 20.287 GC heap before
{Heap before GC invocations=30 (full 0):
 garbage-first heap   total 220160K, used 161216K [0x0000000080000000, 0x0000000100000000)
  region size 1024K, 58 young (59392K), 8 survivors (8192K)
 Metaspace       used 95496K, capacity 97828K, committed 98124K, reserved 1134592K
  class space    used 12387K, capacity 13342K, committed 13388K, reserved 1048576K
}
Event: 20.312 GC heap after
{Heap after GC invocations=31 (full 0):
 garbage-first heap   total 220160K, used 119808K [0x0000000080000000, 0x0000000100000000)
  region size 1024K, 8 young (8192K), 8 survivors (8192K)
 Metaspace       used 95496K, capacity 97828K, committed 98124K, reserved 1134592K
  class space    used 12387K, capacity 13342K, committed 13388K, reserved 1048576K
}
Event: 20.743 GC heap before
{Heap before GC invocations=31 (full 0):
 garbage-first heap   total 220160K, used 168960K [0x0000000080000000, 0x0000000100000000)
  region size 1024K, 56 young (57344K), 8 survivors (8192K)
 Metaspace       used 95734K, capacity 98093K, committed 98124K, reserved 1134592K
  class space    used 12425K, capacity 13360K, committed 13388K, reserved 1048576K
}
Event: 20.769 GC heap after
{Heap after GC invocations=32 (full 0):
 garbage-first heap   total 220160K, used 129024K [0x0000000080000000, 0x0000000100000000)
  region size 1024K, 7 young (7168K), 7 survivors (7168K)
 Metaspace       used 95734K, capacity 98093K, committed 98124K, reserved 1134592K
  class space    used 12425K, capacity 13360K, committed 13388K, reserved 1048576K
}
Event: 21.436 GC heap before
{Heap before GC invocations=33 (full 0):
 garbage-first heap   total 220160K, used 174080K [0x0000000080000000, 0x0000000100000000)
  region size 1024K, 51 young (52224K), 7 survivors (7168K)
 Metaspace       used 99161K, capacity 101725K, committed 101964K, reserved 1136640K
  class space    used 13016K, capacity 14040K, committed 14156K, reserved 1048576K
}
Event: 21.459 GC heap after
{Heap after GC invocations=34 (full 0):
 garbage-first heap   total 315392K, used 135906K [0x0000000080000000, 0x0000000100000000)
  region size 1024K, 6 young (6144K), 6 survivors (6144K)
 Metaspace       used 99161K, capacity 101725K, committed 101964K, reserved 1136640K
  class space    used 13016K, capacity 14040K, committed 14156K, reserved 1048576K
}
Event: 21.636 GC heap before
{Heap before GC invocations=34 (full 0):
 garbage-first heap   total 315392K, used 145122K [0x0000000080000000, 0x0000000100000000)
  region size 1024K, 15 young (15360K), 6 survivors (6144K)
 Metaspace       used 99370K, capacity 101863K, committed 102220K, reserved 1136640K
  class space    used 13033K, capacity 14040K, committed 14156K, reserved 1048576K
}
Event: 21.650 GC heap after
{Heap after GC invocations=35 (full 0):
 garbage-first heap   total 315392K, used 137950K [0x0000000080000000, 0x0000000100000000)
  region size 1024K, 2 young (2048K), 2 survivors (2048K)
 Metaspace       used 99370K, capacity 101863K, committed 102220K, reserved 1136640K
  class space    used 13033K, capacity 14040K, committed 14156K, reserved 1048576K
}
Event: 23.043 GC heap before
{Heap before GC invocations=35 (full 0):
 garbage-first heap   total 315392K, used 209630K [0x0000000080000000, 0x0000000100000000)
  region size 1024K, 72 young (73728K), 2 survivors (2048K)
 Metaspace       used 101109K, capacity 103699K, committed 103884K, reserved 1138688K
  class space    used 13161K, capacity 14189K, committed 14284K, reserved 1048576K
}
Event: 23.057 GC heap after
{Heap after GC invocations=36 (full 0):
 garbage-first heap   total 315392K, used 141171K [0x0000000080000000, 0x0000000100000000)
  region size 1024K, 5 young (5120K), 5 survivors (5120K)
 Metaspace       used 101109K, capacity 103699K, committed 103884K, reserved 1138688K
  class space    used 13161K, capacity 14189K, committed 14284K, reserved 1048576K
}
Event: 23.848 GC heap before
{Heap before GC invocations=36 (full 0):
 garbage-first heap   total 315392K, used 216947K [0x0000000080000000, 0x0000000100000000)
  region size 1024K, 79 young (80896K), 5 survivors (5120K)
 Metaspace       used 101466K, capacity 104027K, committed 104140K, reserved 1138688K
  class space    used 13179K, capacity 14207K, committed 14284K, reserved 1048576K
}
Event: 23.860 GC heap after
{Heap after GC invocations=37 (full 0):
 garbage-first heap   total 315392K, used 143630K [0x0000000080000000, 0x0000000100000000)
  region size 1024K, 8 young (8192K), 8 survivors (8192K)
 Metaspace       used 101466K, capacity 104027K, committed 104140K, reserved 1138688K
  class space    used 13179K, capacity 14207K, committed 14284K, reserved 1048576K
}
Event: 24.808 GC heap before
{Heap before GC invocations=37 (full 0):
 garbage-first heap   total 315392K, used 222478K [0x0000000080000000, 0x0000000100000000)
  region size 1024K, 85 young (87040K), 8 survivors (8192K)
 Metaspace       used 102582K, capacity 105293K, committed 105420K, reserved 1140736K
  class space    used 13335K, capacity 14435K, committed 14540K, reserved 1048576K
}
Event: 24.822 GC heap after
{Heap after GC invocations=38 (full 0):
 garbage-first heap   total 378880K, used 145772K [0x0000000080000000, 0x0000000100000000)
  region size 1024K, 5 young (5120K), 5 survivors (5120K)
 Metaspace       used 102582K, capacity 105293K, committed 105420K, reserved 1140736K
  class space    used 13335K, capacity 14435K, committed 14540K, reserved 1048576K
}
Event: 26.299 GC heap before
{Heap before GC invocations=38 (full 0):
 garbage-first heap   total 378880K, used 251244K [0x0000000080000000, 0x0000000100000000)
  region size 1024K, 108 young (110592K), 5 survivors (5120K)
 Metaspace       used 103125K, capacity 105847K, committed 105932K, reserved 1140736K
  class space    used 13399K, capacity 14509K, committed 14540K, reserved 1048576K
}
Event: 26.315 GC heap after
{Heap after GC invocations=39 (full 0):
 garbage-first heap   total 378880K, used 147647K [0x0000000080000000, 0x0000000100000000)
  region size 1024K, 7 young (7168K), 7 survivors (7168K)
 Metaspace       used 103125K, capacity 105847K, committed 105932K, reserved 1140736K
  class space    used 13399K, capacity 14509K, committed 14540K, reserved 1048576K
}
Event: 28.042 GC heap before
{Heap before GC invocations=39 (full 0):
 garbage-first heap   total 378880K, used 298175K [0x0000000080000000, 0x0000000100000000)
  region size 1024K, 154 young (157696K), 7 survivors (7168K)
 Metaspace       used 103289K, capacity 106059K, committed 106316K, reserved 1140736K
  class space    used 13421K, capacity 14557K, committed 14668K, reserved 1048576K
}
Event: 28.078 GC heap after
{Heap after GC invocations=40 (full 0):
 garbage-first heap   total 378880K, used 162928K [0x0000000080000000, 0x0000000100000000)
  region size 1024K, 20 young (20480K), 20 survivors (20480K)
 Metaspace       used 103289K, capacity 106059K, committed 106316K, reserved 1140736K
  class space    used 13421K, capacity 14557K, committed 14668K, reserved 1048576K
}
Event: 29.036 GC heap before
{Heap before GC invocations=40 (full 0):
 garbage-first heap   total 378880K, used 285808K [0x0000000080000000, 0x0000000100000000)
  region size 1024K, 140 young (143360K), 20 survivors (20480K)
 Metaspace       used 103366K, capacity 106135K, committed 106316K, reserved 1140736K
  class space    used 13423K, capacity 14560K, committed 14668K, reserved 1048576K
}
Event: 29.062 GC heap after
{Heap after GC invocations=41 (full 0):
 garbage-first heap   total 378880K, used 164602K [0x0000000080000000, 0x0000000100000000)
  region size 1024K, 3 young (3072K), 3 survivors (3072K)
 Metaspace       used 103366K, capacity 106135K, committed 106316K, reserved 1140736K
  class space    used 13423K, capacity 14560K, committed 14668K, reserved 1048576K
}

