# JRE version: OpenJDK Runtime Environment (11.0.11+9) (build 11.0.11+9-b60-7590822)
# Java VM: OpenJDK 64-Bit Server VM (11.0.11+9-b60-7590822, mixed mode, tiered, compressed oops, g1 gc, windows-amd64)
Heap:
 garbage-first heap   total 576512K, used 169126K [0x0000000080000000, 0x0000000100000000)
  region size 1024K, 15 young (15360K), 15 survivors (15360K)
 Metaspace       used 103798K, capacity 106426K, committed 106700K, reserved 1140736K
  class space    used 13403K, capacity 14465K, committed 14540K, reserved 1048576K
GC Heap History (20 events):
Event: 212.238 GC heap after
{Heap after GC invocations=40 (full 0):
 garbage-first heap   total 183296K, used 118152K [0x0000000080000000, 0x0000000100000000)
  region size 1024K, 5 young (5120K), 5 survivors (5120K)
 Metaspace       used 95761K, capacity 97983K, committed 98380K, reserved 1134592K
  class space    used 12335K, capacity 13212K, committed 13388K, reserved 1048576K
}
Event: 212.252 GC heap before
{Heap before GC invocations=40 (full 0):
 garbage-first heap   total 183296K, used 121224K [0x0000000080000000, 0x0000000100000000)
  region size 1024K, 8 young (8192K), 5 survivors (5120K)
 Metaspace       used 95777K, capacity 97983K, committed 98380K, reserved 1134592K
  class space    used 12335K, capacity 13212K, committed 13388K, reserved 1048576K
}
Event: 212.261 GC heap after
{Heap after GC invocations=41 (full 0):
 garbage-first heap   total 183296K, used 117760K [0x0000000080000000, 0x0000000100000000)
  region size 1024K, 1 young (1024K), 1 survivors (1024K)
 Metaspace       used 95777K, capacity 97983K, committed 98380K, reserved 1134592K
  class space    used 12335K, capacity 13212K, committed 13388K, reserved 1048576K
}
Event: 212.395 GC heap before
{Heap before GC invocations=41 (full 0):
 garbage-first heap   total 183296K, used 146432K [0x0000000080000000, 0x0000000100000000)
  region size 1024K, 29 young (29696K), 1 survivors (1024K)
 Metaspace       used 95948K, capacity 98179K, committed 98636K, reserved 1134592K
  class space    used 12355K, capacity 13212K, committed 13388K, reserved 1048576K
}
Event: 212.407 GC heap after
{Heap after GC invocations=42 (full 0):
 garbage-first heap   total 264192K, used 123440K [0x0000000080000000, 0x0000000100000000)
  region size 1024K, 4 young (4096K), 4 survivors (4096K)
 Metaspace       used 95948K, capacity 98179K, committed 98636K, reserved 1134592K
  class space    used 12355K, capacity 13212K, committed 13388K, reserved 1048576K
}
Event: 212.900 GC heap before
{Heap before GC invocations=43 (full 0):
 garbage-first heap   total 264192K, used 178736K [0x0000000080000000, 0x0000000100000000)
  region size 1024K, 58 young (59392K), 4 survivors (4096K)
 Metaspace       used 97543K, capacity 99909K, committed 100172K, reserved 1136640K
  class space    used 12599K, capacity 13561K, committed 13644K, reserved 1048576K
}
Event: 212.919 GC heap after
{Heap after GC invocations=44 (full 0):
 garbage-first heap   total 264192K, used 132816K [0x0000000080000000, 0x0000000100000000)
  region size 1024K, 8 young (8192K), 8 survivors (8192K)
 Metaspace       used 97543K, capacity 99909K, committed 100172K, reserved 1136640K
  class space    used 12599K, capacity 13561K, committed 13644K, reserved 1048576K
}
Event: 213.039 GC heap before
{Heap before GC invocations=44 (full 0):
 garbage-first heap   total 264192K, used 187088K [0x0000000080000000, 0x0000000100000000)
  region size 1024K, 61 young (62464K), 8 survivors (8192K)
 Metaspace       used 97557K, capacity 99976K, committed 100172K, reserved 1136640K
  class space    used 12599K, capacity 13561K, committed 13644K, reserved 1048576K
}
Event: 213.061 GC heap after
{Heap after GC invocations=45 (full 0):
 garbage-first heap   total 264192K, used 142336K [0x0000000080000000, 0x0000000100000000)
  region size 1024K, 8 young (8192K), 8 survivors (8192K)
 Metaspace       used 97557K, capacity 99976K, committed 100172K, reserved 1136640K
  class space    used 12599K, capacity 13561K, committed 13644K, reserved 1048576K
}
Event: 213.597 GC heap before
{Heap before GC invocations=45 (full 0):
 garbage-first heap   total 264192K, used 195584K [0x0000000080000000, 0x0000000100000000)
  region size 1024K, 60 young (61440K), 8 survivors (8192K)
 Metaspace       used 100892K, capacity 103412K, committed 103628K, reserved 1138688K
  class space    used 13202K, capacity 14218K, committed 14284K, reserved 1048576K
}
Event: 213.615 GC heap after
{Heap after GC invocations=46 (full 0):
 garbage-first heap   total 264192K, used 150690K [0x0000000080000000, 0x0000000100000000)
  region size 1024K, 8 young (8192K), 8 survivors (8192K)
 Metaspace       used 100892K, capacity 103412K, committed 103628K, reserved 1138688K
  class space    used 13202K, capacity 14218K, committed 14284K, reserved 1048576K
}
Event: 214.317 GC heap before
{Heap before GC invocations=46 (full 0):
 garbage-first heap   total 264192K, used 200866K [0x0000000080000000, 0x0000000100000000)
  region size 1024K, 58 young (59392K), 8 survivors (8192K)
 Metaspace       used 102277K, capacity 104867K, committed 105036K, reserved 1140736K
  class space    used 13313K, capacity 14352K, committed 14412K, reserved 1048576K
}
Event: 214.342 GC heap after
{Heap after GC invocations=47 (full 0):
 garbage-first heap   total 460800K, used 154328K [0x0000000080000000, 0x0000000100000000)
  region size 1024K, 4 young (4096K), 4 survivors (4096K)
 Metaspace       used 102277K, capacity 104867K, committed 105036K, reserved 1140736K
  class space    used 13313K, capacity 14352K, committed 14412K, reserved 1048576K
}
Event: 215.894 GC heap before
{Heap before GC invocations=47 (full 0):
 garbage-first heap   total 460800K, used 271064K [0x0000000080000000, 0x0000000100000000)
  region size 1024K, 118 young (120832K), 4 survivors (4096K)
 Metaspace       used 103255K, capacity 105865K, committed 106060K, reserved 1140736K
  class space    used 13354K, capacity 14390K, committed 14412K, reserved 1048576K
}
Event: 215.914 GC heap after
{Heap after GC invocations=48 (full 0):
 garbage-first heap   total 460800K, used 159581K [0x0000000080000000, 0x0000000100000000)
  region size 1024K, 9 young (9216K), 9 survivors (9216K)
 Metaspace       used 103255K, capacity 105865K, committed 106060K, reserved 1140736K
  class space    used 13354K, capacity 14390K, committed 14412K, reserved 1048576K
}
Event: 217.043 GC heap before
{Heap before GC invocations=48 (full 0):
 garbage-first heap   total 460800K, used 302941K [0x0000000080000000, 0x0000000100000000)
  region size 1024K, 149 young (152576K), 9 survivors (9216K)
 Metaspace       used 103442K, capacity 106027K, committed 106060K, reserved 1140736K
  class space    used 13362K, capacity 14398K, committed 14412K, reserved 1048576K
}
Event: 217.073 GC heap after
{Heap after GC invocations=49 (full 0):
 garbage-first heap   total 460800K, used 162816K [0x0000000080000000, 0x0000000100000000)
  region size 1024K, 12 young (12288K), 12 survivors (12288K)
 Metaspace       used 103442K, capacity 106027K, committed 106060K, reserved 1140736K
  class space    used 13362K, capacity 14398K, committed 14412K, reserved 1048576K
}
Event: 217.927 GC heap before
{Heap before GC invocations=49 (full 0):
 garbage-first heap   total 460800K, used 326656K [0x0000000080000000, 0x0000000100000000)
  region size 1024K, 172 young (176128K), 12 survivors (12288K)
 Metaspace       used 103653K, capacity 106311K, committed 106444K, reserved 1140736K
  class space    used 13388K, capacity 14450K, committed 14540K, reserved 1048576K
}
Event: 217.967 GC heap after
{Heap after GC invocations=50 (full 0):
 garbage-first heap   total 460800K, used 165530K [0x0000000080000000, 0x0000000100000000)
  region size 1024K, 12 young (12288K), 12 survivors (12288K)
 Metaspace       used 103653K, capacity 106311K, committed 106444K, reserved 1140736K
  class space    used 13388K, capacity 14450K, committed 14540K, reserved 1048576K
}
Event: 218.840 GC heap before
{Heap before GC invocations=50 (full 0):
 garbage-first heap   total 460800K, used 347802K [0x0000000080000000, 0x0000000100000000)
  region size 1024K, 190 young (194560K), 12 survivors (12288K)
 Metaspace       used 103798K, capacity 106426K, committed 106700K, reserved 1140736K
  class space    used 13403K, capacity 14465K, committed 14540K, reserved 1048576K
}

