# JRE version: OpenJDK Runtime Environment (11.0.11+9) (build 11.0.11+9-b60-7590822)
# Java VM: OpenJDK 64-Bit Server VM (11.0.11+9-b60-7590822, mixed mode, tiered, compressed oops, g1 gc, windows-amd64)
Heap:
 garbage-first heap   total 380928K, used 203532K [0x0000000080000000, 0x0000000100000000)
  region size 1024K, 46 young (47104K), 7 survivors (7168K)
 Metaspace       used 106647K, capacity 109562K, committed 109644K, reserved 1144832K
  class space    used 13756K, capacity 14924K, committed 14924K, reserved 1048576K
GC Heap History (20 events):
Event: 29.237 GC heap before
{Heap before GC invocations=42 (full 0):
 garbage-first heap   total 317440K, used 250071K [0x0000000080000000, 0x0000000100000000)
  region size 1024K, 98 young (100352K), 2 survivors (2048K)
 Metaspace       used 106191K, capacity 109053K, committed 109132K, reserved 1142784K
  class space    used 13713K, capacity 14845K, committed 14924K, reserved 1048576K
}
Event: 29.286 GC heap after
{Heap after GC invocations=43 (full 0):
 garbage-first heap   total 317440K, used 162239K [0x0000000080000000, 0x0000000100000000)
  region size 1024K, 12 young (12288K), 12 survivors (12288K)
 Metaspace       used 106191K, capacity 109053K, committed 109132K, reserved 1142784K
  class space    used 13713K, capacity 14845K, committed 14924K, reserved 1048576K
}
Event: 30.211 GC heap before
{Heap before GC invocations=44 (full 0):
 garbage-first heap   total 317440K, used 256447K [0x0000000080000000, 0x0000000100000000)
  region size 1024K, 104 young (106496K), 12 survivors (12288K)
 Metaspace       used 106326K, capacity 109234K, committed 109388K, reserved 1144832K
  class space    used 13730K, capacity 14862K, committed 14924K, reserved 1048576K
}
Event: 30.231 GC heap after
{Heap after GC invocations=45 (full 0):
 garbage-first heap   total 317440K, used 164744K [0x0000000080000000, 0x0000000100000000)
  region size 1024K, 4 young (4096K), 4 survivors (4096K)
 Metaspace       used 106326K, capacity 109234K, committed 109388K, reserved 1144832K
  class space    used 13730K, capacity 14862K, committed 14924K, reserved 1048576K
}
Event: 30.287 GC heap before
{Heap before GC invocations=45 (full 0):
 garbage-first heap   total 317440K, used 176008K [0x0000000080000000, 0x0000000100000000)
  region size 1024K, 15 young (15360K), 4 survivors (4096K)
 Metaspace       used 106326K, capacity 109234K, committed 109388K, reserved 1144832K
  class space    used 13730K, capacity 14862K, committed 14924K, reserved 1048576K
}
Event: 30.302 GC heap after
{Heap after GC invocations=46 (full 0):
 garbage-first heap   total 317440K, used 158433K [0x0000000080000000, 0x0000000100000000)
  region size 1024K, 1 young (1024K), 1 survivors (1024K)
 Metaspace       used 106326K, capacity 109234K, committed 109388K, reserved 1144832K
  class space    used 13730K, capacity 14862K, committed 14924K, reserved 1048576K
}
Event: 31.101 GC heap before
{Heap before GC invocations=46 (full 0):
 garbage-first heap   total 317440K, used 255713K [0x0000000080000000, 0x0000000100000000)
  region size 1024K, 96 young (98304K), 1 survivors (1024K)
 Metaspace       used 106355K, capacity 109240K, committed 109388K, reserved 1144832K
  class space    used 13730K, capacity 14863K, committed 14924K, reserved 1048576K
}
Event: 31.108 GC heap after
{Heap after GC invocations=47 (full 0):
 garbage-first heap   total 317440K, used 158854K [0x0000000080000000, 0x0000000100000000)
  region size 1024K, 2 young (2048K), 2 survivors (2048K)
 Metaspace       used 106355K, capacity 109240K, committed 109388K, reserved 1144832K
  class space    used 13730K, capacity 14863K, committed 14924K, reserved 1048576K
}
Event: 31.609 GC heap before
{Heap before GC invocations=47 (full 0):
 garbage-first heap   total 317440K, used 259206K [0x0000000080000000, 0x0000000100000000)
  region size 1024K, 100 young (102400K), 2 survivors (2048K)
 Metaspace       used 106392K, capacity 109314K, committed 109388K, reserved 1144832K
  class space    used 13732K, capacity 14865K, committed 14924K, reserved 1048576K
}
Event: 31.614 GC heap after
{Heap after GC invocations=48 (full 0):
 garbage-first heap   total 317440K, used 159629K [0x0000000080000000, 0x0000000100000000)
  region size 1024K, 3 young (3072K), 3 survivors (3072K)
 Metaspace       used 106392K, capacity 109314K, committed 109388K, reserved 1144832K
  class space    used 13732K, capacity 14865K, committed 14924K, reserved 1048576K
}
Event: 32.198 GC heap before
{Heap before GC invocations=48 (full 0):
 garbage-first heap   total 317440K, used 263053K [0x0000000080000000, 0x0000000100000000)
  region size 1024K, 104 young (106496K), 3 survivors (3072K)
 Metaspace       used 106527K, capacity 109450K, committed 109644K, reserved 1144832K
  class space    used 13748K, capacity 14910K, committed 14924K, reserved 1048576K
}
Event: 32.204 GC heap after
{Heap after GC invocations=49 (full 0):
 garbage-first heap   total 317440K, used 160877K [0x0000000080000000, 0x0000000100000000)
  region size 1024K, 4 young (4096K), 4 survivors (4096K)
 Metaspace       used 106527K, capacity 109450K, committed 109644K, reserved 1144832K
  class space    used 13748K, capacity 14910K, committed 14924K, reserved 1048576K
}
Event: 32.855 GC heap before
{Heap before GC invocations=49 (full 0):
 garbage-first heap   total 317440K, used 268397K [0x0000000080000000, 0x0000000100000000)
  region size 1024K, 109 young (111616K), 4 survivors (4096K)
 Metaspace       used 106554K, capacity 109515K, committed 109644K, reserved 1144832K
  class space    used 13748K, capacity 14910K, committed 14924K, reserved 1048576K
}
Event: 32.863 GC heap after
{Heap after GC invocations=50 (full 0):
 garbage-first heap   total 317440K, used 161341K [0x0000000080000000, 0x0000000100000000)
  region size 1024K, 4 young (4096K), 4 survivors (4096K)
 Metaspace       used 106554K, capacity 109515K, committed 109644K, reserved 1144832K
  class space    used 13748K, capacity 14910K, committed 14924K, reserved 1048576K
}
Event: 33.477 GC heap before
{Heap before GC invocations=50 (full 0):
 garbage-first heap   total 317440K, used 271933K [0x0000000080000000, 0x0000000100000000)
  region size 1024K, 112 young (114688K), 4 survivors (4096K)
 Metaspace       used 106575K, capacity 109521K, committed 109644K, reserved 1144832K
  class space    used 13749K, capacity 14911K, committed 14924K, reserved 1048576K
}
Event: 33.486 GC heap after
{Heap after GC invocations=51 (full 0):
 garbage-first heap   total 317440K, used 162398K [0x0000000080000000, 0x0000000100000000)
  region size 1024K, 5 young (5120K), 5 survivors (5120K)
 Metaspace       used 106575K, capacity 109521K, committed 109644K, reserved 1144832K
  class space    used 13749K, capacity 14911K, committed 14924K, reserved 1048576K
}
Event: 34.131 GC heap before
{Heap before GC invocations=51 (full 0):
 garbage-first heap   total 317440K, used 271966K [0x0000000080000000, 0x0000000100000000)
  region size 1024K, 112 young (114688K), 5 survivors (5120K)
 Metaspace       used 106595K, capacity 109522K, committed 109644K, reserved 1144832K
  class space    used 13749K, capacity 14911K, committed 14924K, reserved 1048576K
}
Event: 34.146 GC heap after
{Heap after GC invocations=52 (full 0):
 garbage-first heap   total 317440K, used 163805K [0x0000000080000000, 0x0000000100000000)
  region size 1024K, 7 young (7168K), 7 survivors (7168K)
 Metaspace       used 106595K, capacity 109522K, committed 109644K, reserved 1144832K
  class space    used 13749K, capacity 14911K, committed 14924K, reserved 1048576K
}
Event: 34.676 GC heap before
{Heap before GC invocations=52 (full 0):
 garbage-first heap   total 317440K, used 273373K [0x0000000080000000, 0x0000000100000000)
  region size 1024K, 114 young (116736K), 7 survivors (7168K)
 Metaspace       used 106624K, capacity 109545K, committed 109644K, reserved 1144832K
  class space    used 13753K, capacity 14919K, committed 14924K, reserved 1048576K
}
Event: 34.690 GC heap after
{Heap after GC invocations=53 (full 0):
 garbage-first heap   total 380928K, used 164620K [0x0000000080000000, 0x0000000100000000)
  region size 1024K, 7 young (7168K), 7 survivors (7168K)
 Metaspace       used 106624K, capacity 109545K, committed 109644K, reserved 1144832K
  class space    used 13753K, capacity 14919K, committed 14924K, reserved 1048576K
}

