# JRE version: OpenJDK Runtime Environment (11.0.11+9) (build 11.0.11+9-b60-7590822)
# Java VM: OpenJDK 64-Bit Server VM (11.0.11+9-b60-7590822, mixed mode, tiered, compressed oops, g1 gc, windows-amd64)
Heap:
 garbage-first heap   total 380928K, used 173894K [0x0000000080000000, 0x0000000100000000)
  region size 1024K, 6 young (6144K), 6 survivors (6144K)
 Metaspace       used 112732K, capacity 115593K, committed 115660K, reserved 1148928K
  class space    used 14144K, capacity 15265K, committed 15308K, reserved 1048576K
GC Heap History (20 events):
Event: 40.859 GC heap after
{Heap after GC invocations=53 (full 0):
 garbage-first heap   total 264192K, used 165349K [0x0000000080000000, 0x0000000100000000)
  region size 1024K, 6 young (6144K), 6 survivors (6144K)
 Metaspace       used 112149K, capacity 115005K, committed 115148K, reserved 1148928K
  class space    used 14099K, capacity 15207K, committed 15308K, reserved 1048576K
}
Event: 41.162 GC heap before
{Heap before GC invocations=53 (full 0):
 garbage-first heap   total 264192K, used 226789K [0x0000000080000000, 0x0000000100000000)
  region size 1024K, 66 young (67584K), 6 survivors (6144K)
 Metaspace       used 112172K, capacity 115014K, committed 115148K, reserved 1148928K
  class space    used 14101K, capacity 15210K, committed 15308K, reserved 1048576K
}
Event: 41.173 GC heap after
{Heap after GC invocations=54 (full 0):
 garbage-first heap   total 264192K, used 165671K [0x0000000080000000, 0x0000000100000000)
  region size 1024K, 5 young (5120K), 5 survivors (5120K)
 Metaspace       used 112172K, capacity 115014K, committed 115148K, reserved 1148928K
  class space    used 14101K, capacity 15210K, committed 15308K, reserved 1048576K
}
Event: 41.575 GC heap before
{Heap before GC invocations=54 (full 0):
 garbage-first heap   total 264192K, used 227111K [0x0000000080000000, 0x0000000100000000)
  region size 1024K, 66 young (67584K), 5 survivors (5120K)
 Metaspace       used 112180K, capacity 115015K, committed 115148K, reserved 1148928K
  class space    used 14101K, capacity 15210K, committed 15308K, reserved 1048576K
}
Event: 41.589 GC heap after
{Heap after GC invocations=55 (full 0):
 garbage-first heap   total 264192K, used 169103K [0x0000000080000000, 0x0000000100000000)
  region size 1024K, 8 young (8192K), 8 survivors (8192K)
 Metaspace       used 112180K, capacity 115015K, committed 115148K, reserved 1148928K
  class space    used 14101K, capacity 15210K, committed 15308K, reserved 1048576K
}
Event: 42.020 GC heap before
{Heap before GC invocations=55 (full 0):
 garbage-first heap   total 264192K, used 230543K [0x0000000080000000, 0x0000000100000000)
  region size 1024K, 69 young (70656K), 8 survivors (8192K)
 Metaspace       used 112204K, capacity 115020K, committed 115148K, reserved 1148928K
  class space    used 14102K, capacity 15211K, committed 15308K, reserved 1048576K
}
Event: 42.034 GC heap after
{Heap after GC invocations=56 (full 0):
 garbage-first heap   total 317440K, used 168251K [0x0000000080000000, 0x0000000100000000)
  region size 1024K, 4 young (4096K), 4 survivors (4096K)
 Metaspace       used 112204K, capacity 115020K, committed 115148K, reserved 1148928K
  class space    used 14102K, capacity 15211K, committed 15308K, reserved 1048576K
}
Event: 42.762 GC heap before
{Heap before GC invocations=56 (full 0):
 garbage-first heap   total 317440K, used 255291K [0x0000000080000000, 0x0000000100000000)
  region size 1024K, 89 young (91136K), 4 survivors (4096K)
 Metaspace       used 112229K, capacity 115090K, committed 115404K, reserved 1148928K
  class space    used 14102K, capacity 15212K, committed 15308K, reserved 1048576K
}
Event: 42.772 GC heap after
{Heap after GC invocations=57 (full 0):
 garbage-first heap   total 317440K, used 170662K [0x0000000080000000, 0x0000000100000000)
  region size 1024K, 6 young (6144K), 6 survivors (6144K)
 Metaspace       used 112229K, capacity 115090K, committed 115404K, reserved 1148928K
  class space    used 14102K, capacity 15212K, committed 15308K, reserved 1048576K
}
Event: 43.197 GC heap before
{Heap before GC invocations=57 (full 0):
 garbage-first heap   total 317440K, used 261798K [0x0000000080000000, 0x0000000100000000)
  region size 1024K, 96 young (98304K), 6 survivors (6144K)
 Metaspace       used 112279K, capacity 115167K, committed 115404K, reserved 1148928K
  class space    used 14104K, capacity 15215K, committed 15308K, reserved 1048576K
}
Event: 43.206 GC heap after
{Heap after GC invocations=58 (full 0):
 garbage-first heap   total 317440K, used 169638K [0x0000000080000000, 0x0000000100000000)
  region size 1024K, 5 young (5120K), 5 survivors (5120K)
 Metaspace       used 112279K, capacity 115167K, committed 115404K, reserved 1148928K
  class space    used 14104K, capacity 15215K, committed 15308K, reserved 1048576K
}
Event: 43.607 GC heap before
{Heap before GC invocations=58 (full 0):
 garbage-first heap   total 317440K, used 266918K [0x0000000080000000, 0x0000000100000000)
  region size 1024K, 101 young (103424K), 5 survivors (5120K)
 Metaspace       used 112314K, capacity 115168K, committed 115404K, reserved 1148928K
  class space    used 14104K, capacity 15215K, committed 15308K, reserved 1048576K
}
Event: 43.617 GC heap after
{Heap after GC invocations=59 (full 0):
 garbage-first heap   total 317440K, used 170436K [0x0000000080000000, 0x0000000100000000)
  region size 1024K, 6 young (6144K), 6 survivors (6144K)
 Metaspace       used 112314K, capacity 115168K, committed 115404K, reserved 1148928K
  class space    used 14104K, capacity 15215K, committed 15308K, reserved 1048576K
}
Event: 44.044 GC heap before
{Heap before GC invocations=59 (full 0):
 garbage-first heap   total 317440K, used 267716K [0x0000000080000000, 0x0000000100000000)
  region size 1024K, 101 young (103424K), 6 survivors (6144K)
 Metaspace       used 112329K, capacity 115234K, committed 115404K, reserved 1148928K
  class space    used 14104K, capacity 15215K, committed 15308K, reserved 1048576K
}
Event: 44.058 GC heap after
{Heap after GC invocations=60 (full 0):
 garbage-first heap   total 317440K, used 173734K [0x0000000080000000, 0x0000000100000000)
  region size 1024K, 9 young (9216K), 9 survivors (9216K)
 Metaspace       used 112329K, capacity 115234K, committed 115404K, reserved 1148928K
  class space    used 14104K, capacity 15215K, committed 15308K, reserved 1048576K
}
Event: 44.503 GC heap before
{Heap before GC invocations=60 (full 0):
 garbage-first heap   total 317440K, used 268966K [0x0000000080000000, 0x0000000100000000)
  region size 1024K, 102 young (104448K), 9 survivors (9216K)
 Metaspace       used 112667K, capacity 115583K, committed 115660K, reserved 1148928K
  class space    used 14143K, capacity 15264K, committed 15308K, reserved 1048576K
}
Event: 44.519 GC heap after
{Heap after GC invocations=61 (full 0):
 garbage-first heap   total 317440K, used 172590K [0x0000000080000000, 0x0000000100000000)
  region size 1024K, 6 young (6144K), 6 survivors (6144K)
 Metaspace       used 112667K, capacity 115583K, committed 115660K, reserved 1148928K
  class space    used 14143K, capacity 15264K, committed 15308K, reserved 1048576K
}
Event: 44.887 GC heap before
{Heap before GC invocations=61 (full 0):
 garbage-first heap   total 317440K, used 270894K [0x0000000080000000, 0x0000000100000000)
  region size 1024K, 102 young (104448K), 6 survivors (6144K)
 Metaspace       used 112682K, capacity 115584K, committed 115660K, reserved 1148928K
  class space    used 14144K, capacity 15264K, committed 15308K, reserved 1048576K
}
Event: 44.905 GC heap after
{Heap after GC invocations=62 (full 0):
 garbage-first heap   total 317440K, used 174889K [0x0000000080000000, 0x0000000100000000)
  region size 1024K, 8 young (8192K), 8 survivors (8192K)
 Metaspace       used 112682K, capacity 115584K, committed 115660K, reserved 1148928K
  class space    used 14144K, capacity 15264K, committed 15308K, reserved 1048576K
}
Event: 45.425 GC heap before
{Heap before GC invocations=62 (full 0):
 garbage-first heap   total 317440K, used 271145K [0x0000000080000000, 0x0000000100000000)
  region size 1024K, 103 young (105472K), 8 survivors (8192K)
 Metaspace       used 112732K, capacity 115593K, committed 115660K, reserved 1148928K
  class space    used 14144K, capacity 15265K, committed 15308K, reserved 1048576K
}

