# JRE version: OpenJDK Runtime Environment (11.0.11+9) (build 11.0.11+9-b60-7590822)
# Java VM: OpenJDK 64-Bit Server VM (11.0.11+9-b60-7590822, mixed mode, tiered, compressed oops, g1 gc, windows-amd64)
Heap:
 garbage-first heap   total 452608K, used 219632K [0x0000000080000000, 0x0000000100000000)
  region size 1024K, 55 young (56320K), 15 survivors (15360K)
 Metaspace       used 109910K, capacity 112785K, committed 112972K, reserved 1146880K
  class space    used 13786K, capacity 14922K, committed 14924K, reserved 1048576K
GC Heap History (20 events):
Event: 31.823 GC heap before
{Heap before GC invocations=48 (full 0):
 garbage-first heap   total 319488K, used 263364K [0x0000000080000000, 0x0000000100000000)
  region size 1024K, 110 young (112640K), 7 survivors (7168K)
 Metaspace       used 108492K, capacity 111157K, committed 111308K, reserved 1146880K
  class space    used 13661K, capacity 14724K, committed 14796K, reserved 1048576K
}
Event: 31.841 GC heap after
{Heap after GC invocations=49 (full 0):
 garbage-first heap   total 319488K, used 158475K [0x0000000080000000, 0x0000000100000000)
  region size 1024K, 8 young (8192K), 8 survivors (8192K)
 Metaspace       used 108492K, capacity 111157K, committed 111308K, reserved 1146880K
  class space    used 13661K, capacity 14724K, committed 14796K, reserved 1048576K
}
Event: 32.393 GC heap before
{Heap before GC invocations=49 (full 0):
 garbage-first heap   total 319488K, used 265995K [0x0000000080000000, 0x0000000100000000)
  region size 1024K, 113 young (115712K), 8 survivors (8192K)
 Metaspace       used 108514K, capacity 111242K, committed 111308K, reserved 1146880K
  class space    used 13665K, capacity 14730K, committed 14796K, reserved 1048576K
}
Event: 32.407 GC heap after
{Heap after GC invocations=50 (full 0):
 garbage-first heap   total 319488K, used 160223K [0x0000000080000000, 0x0000000100000000)
  region size 1024K, 9 young (9216K), 9 survivors (9216K)
 Metaspace       used 108514K, capacity 111242K, committed 111308K, reserved 1146880K
  class space    used 13665K, capacity 14730K, committed 14796K, reserved 1048576K
}
Event: 32.848 GC heap before
{Heap before GC invocations=50 (full 0):
 garbage-first heap   total 319488K, used 269791K [0x0000000080000000, 0x0000000100000000)
  region size 1024K, 116 young (118784K), 9 survivors (9216K)
 Metaspace       used 108592K, capacity 111317K, committed 111564K, reserved 1146880K
  class space    used 13665K, capacity 14731K, committed 14796K, reserved 1048576K
}
Event: 32.872 GC heap after
{Heap after GC invocations=51 (full 0):
 garbage-first heap   total 319488K, used 164399K [0x0000000080000000, 0x0000000100000000)
  region size 1024K, 12 young (12288K), 12 survivors (12288K)
 Metaspace       used 108592K, capacity 111317K, committed 111564K, reserved 1146880K
  class space    used 13665K, capacity 14731K, committed 14796K, reserved 1048576K
}
Event: 33.372 GC heap before
{Heap before GC invocations=51 (full 0):
 garbage-first heap   total 319488K, used 269871K [0x0000000080000000, 0x0000000100000000)
  region size 1024K, 115 young (117760K), 12 survivors (12288K)
 Metaspace       used 108616K, capacity 111320K, committed 111564K, reserved 1146880K
  class space    used 13665K, capacity 14731K, committed 14796K, reserved 1048576K
}
Event: 33.390 GC heap after
{Heap after GC invocations=52 (full 0):
 garbage-first heap   total 384000K, used 163872K [0x0000000080000000, 0x0000000100000000)
  region size 1024K, 8 young (8192K), 8 survivors (8192K)
 Metaspace       used 108616K, capacity 111320K, committed 111564K, reserved 1146880K
  class space    used 13665K, capacity 14731K, committed 14796K, reserved 1048576K
}
Event: 34.317 GC heap before
{Heap before GC invocations=52 (full 0):
 garbage-first heap   total 384000K, used 308256K [0x0000000080000000, 0x0000000100000000)
  region size 1024K, 150 young (153600K), 8 survivors (8192K)
 Metaspace       used 108664K, capacity 111386K, committed 111564K, reserved 1146880K
  class space    used 13666K, capacity 14731K, committed 14796K, reserved 1048576K
}
Event: 34.332 GC heap after
{Heap after GC invocations=53 (full 0):
 garbage-first heap   total 384000K, used 166436K [0x0000000080000000, 0x0000000100000000)
  region size 1024K, 10 young (10240K), 10 survivors (10240K)
 Metaspace       used 108664K, capacity 111386K, committed 111564K, reserved 1146880K
  class space    used 13666K, capacity 14731K, committed 14796K, reserved 1048576K
}
Event: 34.972 GC heap before
{Heap before GC invocations=53 (full 0):
 garbage-first heap   total 384000K, used 328228K [0x0000000080000000, 0x0000000100000000)
  region size 1024K, 168 young (172032K), 10 survivors (10240K)
 Metaspace       used 108957K, capacity 111664K, committed 111820K, reserved 1146880K
  class space    used 13705K, capacity 14780K, committed 14796K, reserved 1048576K
}
Event: 34.988 GC heap after
{Heap after GC invocations=54 (full 0):
 garbage-first heap   total 384000K, used 167896K [0x0000000080000000, 0x0000000100000000)
  region size 1024K, 12 young (12288K), 12 survivors (12288K)
 Metaspace       used 108957K, capacity 111664K, committed 111820K, reserved 1146880K
  class space    used 13705K, capacity 14780K, committed 14796K, reserved 1048576K
}
Event: 35.654 GC heap before
{Heap before GC invocations=54 (full 0):
 garbage-first heap   total 384000K, used 327640K [0x0000000080000000, 0x0000000100000000)
  region size 1024K, 168 young (172032K), 12 survivors (12288K)
 Metaspace       used 109034K, capacity 111739K, committed 111820K, reserved 1146880K
  class space    used 13706K, capacity 14781K, committed 14796K, reserved 1048576K
}
Event: 35.673 GC heap after
{Heap after GC invocations=55 (full 0):
 garbage-first heap   total 384000K, used 169370K [0x0000000080000000, 0x0000000100000000)
  region size 1024K, 11 young (11264K), 11 survivors (11264K)
 Metaspace       used 109034K, capacity 111739K, committed 111820K, reserved 1146880K
  class space    used 13706K, capacity 14781K, committed 14796K, reserved 1048576K
}
Event: 36.620 GC heap before
{Heap before GC invocations=55 (full 0):
 garbage-first heap   total 384000K, used 329114K [0x0000000080000000, 0x0000000100000000)
  region size 1024K, 166 young (169984K), 11 survivors (11264K)
 Metaspace       used 109689K, capacity 112522K, committed 112716K, reserved 1146880K
  class space    used 13783K, capacity 14917K, committed 14924K, reserved 1048576K
}
Event: 36.645 GC heap after
{Heap after GC invocations=56 (full 0):
 garbage-first heap   total 384000K, used 173978K [0x0000000080000000, 0x0000000100000000)
  region size 1024K, 15 young (15360K), 15 survivors (15360K)
 Metaspace       used 109689K, capacity 112522K, committed 112716K, reserved 1146880K
  class space    used 13783K, capacity 14917K, committed 14924K, reserved 1048576K
}
Event: 37.586 GC heap before
{Heap before GC invocations=56 (full 0):
 garbage-first heap   total 384000K, used 327578K [0x0000000080000000, 0x0000000100000000)
  region size 1024K, 165 young (168960K), 15 survivors (15360K)
 Metaspace       used 109729K, capacity 112604K, committed 112716K, reserved 1146880K
  class space    used 13784K, capacity 14919K, committed 14924K, reserved 1048576K
}
Event: 37.609 GC heap after
{Heap after GC invocations=57 (full 0):
 garbage-first heap   total 384000K, used 176255K [0x0000000080000000, 0x0000000100000000)
  region size 1024K, 15 young (15360K), 15 survivors (15360K)
 Metaspace       used 109729K, capacity 112604K, committed 112716K, reserved 1146880K
  class space    used 13784K, capacity 14919K, committed 14924K, reserved 1048576K
}
Event: 38.575 GC heap before
{Heap before GC invocations=57 (full 0):
 garbage-first heap   total 384000K, used 325759K [0x0000000080000000, 0x0000000100000000)
  region size 1024K, 160 young (163840K), 15 survivors (15360K)
 Metaspace       used 109899K, capacity 112780K, committed 112972K, reserved 1146880K
  class space    used 13785K, capacity 14921K, committed 14924K, reserved 1048576K
}
Event: 38.602 GC heap after
{Heap after GC invocations=58 (full 0):
 garbage-first heap   total 452608K, used 179696K [0x0000000080000000, 0x0000000100000000)
  region size 1024K, 15 young (15360K), 15 survivors (15360K)
 Metaspace       used 109899K, capacity 112780K, committed 112972K, reserved 1146880K
  class space    used 13785K, capacity 14921K, committed 14924K, reserved 1048576K
}

