# JRE version: OpenJDK Runtime Environment (11.0.11+9) (build 11.0.11+9-b60-7590822)
# Java VM: OpenJDK 64-Bit Server VM (11.0.11+9-b60-7590822, mixed mode, tiered, compressed oops, g1 gc, windows-amd64)
Heap:
 garbage-first heap   total 738304K, used 176458K [0x0000000080000000, 0x0000000100000000)
  region size 1024K, 13 young (13312K), 13 survivors (13312K)
 Metaspace       used 111932K, capacity 115038K, committed 115404K, reserved 1148928K
  class space    used 14218K, capacity 15398K, committed 15564K, reserved 1048576K
GC Heap History (20 events):
Event: 204.696 GC heap after
{Heap after GC invocations=38 (full 0):
 garbage-first heap   total 294912K, used 154335K [0x0000000080000000, 0x0000000100000000)
  region size 1024K, 3 young (3072K), 3 survivors (3072K)
 Metaspace       used 109274K, capacity 112301K, committed 112588K, reserved 1146880K
  class space    used 14069K, capacity 15257K, committed 15308K, reserved 1048576K
}
Event: 205.562 GC heap before
{Heap before GC invocations=39 (full 0):
 garbage-first heap   total 294912K, used 217823K [0x0000000080000000, 0x0000000100000000)
  region size 1024K, 66 young (67584K), 3 survivors (3072K)
 Metaspace       used 110243K, capacity 113189K, committed 113740K, reserved 1146880K
  class space    used 14082K, capacity 15217K, committed 15436K, reserved 1048576K
}
Event: 205.582 GC heap after
{Heap after GC invocations=40 (full 0):
 garbage-first heap   total 294912K, used 157114K [0x0000000080000000, 0x0000000100000000)
  region size 1024K, 6 young (6144K), 6 survivors (6144K)
 Metaspace       used 110243K, capacity 113189K, committed 113740K, reserved 1146880K
  class space    used 14082K, capacity 15217K, committed 15436K, reserved 1048576K
}
Event: 205.972 GC heap before
{Heap before GC invocations=40 (full 0):
 garbage-first heap   total 294912K, used 223674K [0x0000000080000000, 0x0000000100000000)
  region size 1024K, 71 young (72704K), 6 survivors (6144K)
 Metaspace       used 110399K, capacity 113403K, committed 113996K, reserved 1148928K
  class space    used 14088K, capacity 15220K, committed 15436K, reserved 1048576K
}
Event: 205.989 GC heap after
{Heap after GC invocations=41 (full 0):
 garbage-first heap   total 294912K, used 159261K [0x0000000080000000, 0x0000000100000000)
  region size 1024K, 7 young (7168K), 7 survivors (7168K)
 Metaspace       used 110399K, capacity 113403K, committed 113996K, reserved 1148928K
  class space    used 14088K, capacity 15220K, committed 15436K, reserved 1048576K
}
Event: 206.236 GC heap before
{Heap before GC invocations=41 (full 0):
 garbage-first heap   total 294912K, used 227869K [0x0000000080000000, 0x0000000100000000)
  region size 1024K, 74 young (75776K), 7 survivors (7168K)
 Metaspace       used 110558K, capacity 113553K, committed 113996K, reserved 1148928K
  class space    used 14091K, capacity 15225K, committed 15436K, reserved 1048576K
}
Event: 206.258 GC heap after
{Heap after GC invocations=42 (full 0):
 garbage-first heap   total 294912K, used 164441K [0x0000000080000000, 0x0000000100000000)
  region size 1024K, 10 young (10240K), 10 survivors (10240K)
 Metaspace       used 110558K, capacity 113553K, committed 113996K, reserved 1148928K
  class space    used 14091K, capacity 15225K, committed 15436K, reserved 1048576K
}
Event: 206.548 GC heap before
{Heap before GC invocations=42 (full 0):
 garbage-first heap   total 294912K, used 233049K [0x0000000080000000, 0x0000000100000000)
  region size 1024K, 77 young (78848K), 10 survivors (10240K)
 Metaspace       used 110674K, capacity 113646K, committed 113996K, reserved 1148928K
  class space    used 14096K, capacity 15234K, committed 15436K, reserved 1048576K
}
Event: 206.577 GC heap after
{Heap after GC invocations=43 (full 0):
 garbage-first heap   total 441344K, used 164822K [0x0000000080000000, 0x0000000100000000)
  region size 1024K, 6 young (6144K), 6 survivors (6144K)
 Metaspace       used 110674K, capacity 113646K, committed 113996K, reserved 1148928K
  class space    used 14096K, capacity 15234K, committed 15436K, reserved 1048576K
}
Event: 207.747 GC heap before
{Heap before GC invocations=43 (full 0):
 garbage-first heap   total 441344K, used 296918K [0x0000000080000000, 0x0000000100000000)
  region size 1024K, 136 young (139264K), 6 survivors (6144K)
 Metaspace       used 111031K, capacity 114040K, committed 114252K, reserved 1148928K
  class space    used 14122K, capacity 15293K, committed 15436K, reserved 1048576K
}
Event: 207.852 GC heap after
{Heap after GC invocations=44 (full 0):
 garbage-first heap   total 441344K, used 168059K [0x0000000080000000, 0x0000000100000000)
  region size 1024K, 9 young (9216K), 9 survivors (9216K)
 Metaspace       used 111031K, capacity 114040K, committed 114252K, reserved 1148928K
  class space    used 14122K, capacity 15293K, committed 15436K, reserved 1048576K
}
Event: 209.085 GC heap before
{Heap before GC invocations=44 (full 0):
 garbage-first heap   total 441344K, used 330875K [0x0000000080000000, 0x0000000100000000)
  region size 1024K, 168 young (172032K), 9 survivors (9216K)
 Metaspace       used 111192K, capacity 114219K, committed 114508K, reserved 1148928K
  class space    used 14132K, capacity 15307K, committed 15436K, reserved 1048576K
}
Event: 209.100 GC heap after
{Heap after GC invocations=45 (full 0):
 garbage-first heap   total 441344K, used 169514K [0x0000000080000000, 0x0000000100000000)
  region size 1024K, 10 young (10240K), 10 survivors (10240K)
 Metaspace       used 111192K, capacity 114219K, committed 114508K, reserved 1148928K
  class space    used 14132K, capacity 15307K, committed 15436K, reserved 1048576K
}
Event: 209.631 GC heap before
{Heap before GC invocations=45 (full 0):
 garbage-first heap   total 441344K, used 362026K [0x0000000080000000, 0x0000000100000000)
  region size 1024K, 198 young (202752K), 10 survivors (10240K)
 Metaspace       used 111297K, capacity 114299K, committed 114508K, reserved 1148928K
  class space    used 14140K, capacity 15310K, committed 15436K, reserved 1048576K
}
Event: 209.647 GC heap after
{Heap after GC invocations=46 (full 0):
 garbage-first heap   total 441344K, used 170969K [0x0000000080000000, 0x0000000100000000)
  region size 1024K, 12 young (12288K), 12 survivors (12288K)
 Metaspace       used 111297K, capacity 114299K, committed 114508K, reserved 1148928K
  class space    used 14140K, capacity 15310K, committed 15436K, reserved 1048576K
}
Event: 210.148 GC heap before
{Heap before GC invocations=46 (full 0):
 garbage-first heap   total 441344K, used 364505K [0x0000000080000000, 0x0000000100000000)
  region size 1024K, 201 young (205824K), 12 survivors (12288K)
 Metaspace       used 111358K, capacity 114379K, committed 114508K, reserved 1148928K
  class space    used 14143K, capacity 15315K, committed 15436K, reserved 1048576K
}
Event: 210.167 GC heap after
{Heap after GC invocations=47 (full 0):
 garbage-first heap   total 441344K, used 173610K [0x0000000080000000, 0x0000000100000000)
  region size 1024K, 14 young (14336K), 14 survivors (14336K)
 Metaspace       used 111358K, capacity 114379K, committed 114508K, reserved 1148928K
  class space    used 14143K, capacity 15315K, committed 15436K, reserved 1048576K
}
Event: 210.758 GC heap before
{Heap before GC invocations=47 (full 0):
 garbage-first heap   total 441344K, used 368170K [0x0000000080000000, 0x0000000100000000)
  region size 1024K, 204 young (208896K), 14 survivors (14336K)
 Metaspace       used 111454K, capacity 114457K, committed 114764K, reserved 1148928K
  class space    used 14143K, capacity 15315K, committed 15436K, reserved 1048576K
}
Event: 210.781 GC heap after
{Heap after GC invocations=48 (full 0):
 garbage-first heap   total 441344K, used 176170K [0x0000000080000000, 0x0000000100000000)
  region size 1024K, 17 young (17408K), 17 survivors (17408K)
 Metaspace       used 111454K, capacity 114457K, committed 114764K, reserved 1148928K
  class space    used 14143K, capacity 15315K, committed 15436K, reserved 1048576K
}
Event: 211.404 GC heap before
{Heap before GC invocations=48 (full 0):
 garbage-first heap   total 441344K, used 369706K [0x0000000080000000, 0x0000000100000000)
  region size 1024K, 206 young (210944K), 17 survivors (17408K)
 Metaspace       used 111932K, capacity 115038K, committed 115404K, reserved 1148928K
  class space    used 14218K, capacity 15398K, committed 15564K, reserved 1048576K
}

