# JRE version: OpenJDK Runtime Environment (11.0.11+9) (build 11.0.11+9-b60-7590822)
# Java VM: OpenJDK 64-Bit Server VM (11.0.11+9-b60-7590822, mixed mode, tiered, compressed oops, g1 gc, windows-amd64)
Heap:
 garbage-first heap   total 406528K, used 265131K [0x0000000080000000, 0x0000000100000000)
  region size 1024K, 132 young (135168K), 2 survivors (2048K)
 Metaspace       used 133823K, capacity 137574K, committed 140060K, reserved 1171456K
  class space    used 16675K, capacity 18102K, committed 18688K, reserved 1048576K
GC Heap History (20 events):
Event: 1851.089 GC heap before
{Heap before GC invocations=88 (full 0):
 garbage-first heap   total 406528K, used 166778K [0x0000000080000000, 0x0000000100000000)
  region size 1024K, 13 young (13312K), 2 survivors (2048K)
 Metaspace       used 134275K, capacity 138401K, committed 138524K, reserved 1169408K
  class space    used 16869K, capacity 18407K, committed 18432K, reserved 1048576K
}
Event: 1851.097 GC heap after
{Heap after GC invocations=89 (full 0):
 garbage-first heap   total 406528K, used 156378K [0x0000000080000000, 0x0000000100000000)
  region size 1024K, 2 young (2048K), 2 survivors (2048K)
 Metaspace       used 134275K, capacity 138401K, committed 138524K, reserved 1169408K
  class space    used 16869K, capacity 18407K, committed 18432K, reserved 1048576K
}
Event: 1853.146 GC heap before
{Heap before GC invocations=90 (full 0):
 garbage-first heap   total 406528K, used 341722K [0x0000000080000000, 0x0000000100000000)
  region size 1024K, 160 young (163840K), 2 survivors (2048K)
 Metaspace       used 134302K, capacity 138409K, committed 138524K, reserved 1169408K
  class space    used 16869K, capacity 18407K, committed 18432K, reserved 1048576K
}
Event: 1853.218 GC heap after
{Heap after GC invocations=91 (full 0):
 garbage-first heap   total 406528K, used 214989K [0x0000000080000000, 0x0000000100000000)
  region size 1024K, 20 young (20480K), 20 survivors (20480K)
 Metaspace       used 134302K, capacity 138409K, committed 138524K, reserved 1169408K
  class space    used 16869K, capacity 18407K, committed 18432K, reserved 1048576K
}
Event: 1853.249 GC heap before
{Heap before GC invocations=91 (full 0):
 garbage-first heap   total 406528K, used 216013K [0x0000000080000000, 0x0000000100000000)
  region size 1024K, 21 young (21504K), 20 survivors (20480K)
 Metaspace       used 134302K, capacity 138409K, committed 138524K, reserved 1169408K
  class space    used 16869K, capacity 18407K, committed 18432K, reserved 1048576K
}
Event: 1853.304 GC heap after
{Heap after GC invocations=92 (full 0):
 garbage-first heap   total 406528K, used 215552K [0x0000000080000000, 0x0000000100000000)
  region size 1024K, 2 young (2048K), 2 survivors (2048K)
 Metaspace       used 134302K, capacity 138409K, committed 138524K, reserved 1169408K
  class space    used 16869K, capacity 18407K, committed 18432K, reserved 1048576K
}
Event: 1853.334 GC heap before
{Heap before GC invocations=92 (full 0):
 garbage-first heap   total 406528K, used 222720K [0x0000000080000000, 0x0000000100000000)
  region size 1024K, 11 young (11264K), 2 survivors (2048K)
 Metaspace       used 134302K, capacity 138409K, committed 138524K, reserved 1169408K
  class space    used 16869K, capacity 18407K, committed 18432K, reserved 1048576K
}
Event: 1853.345 GC heap after
{Heap after GC invocations=93 (full 0):
 garbage-first heap   total 406528K, used 216691K [0x0000000080000000, 0x0000000100000000)
  region size 1024K, 3 young (3072K), 3 survivors (3072K)
 Metaspace       used 134302K, capacity 138409K, committed 138524K, reserved 1169408K
  class space    used 16869K, capacity 18407K, committed 18432K, reserved 1048576K
}
Event: 2342.184 GC heap before
{Heap before GC invocations=94 (full 0):
 garbage-first heap   total 406528K, used 352883K [0x0000000080000000, 0x0000000100000000)
  region size 1024K, 109 young (111616K), 3 survivors (3072K)
 Metaspace       used 133987K, capacity 137847K, committed 138524K, reserved 1169408K
  class space    used 16785K, capacity 18264K, committed 18432K, reserved 1048576K
}
Event: 2342.467 GC heap after
{Heap after GC invocations=95 (full 0):
 garbage-first heap   total 406528K, used 223786K [0x0000000080000000, 0x0000000100000000)
  region size 1024K, 9 young (9216K), 9 survivors (9216K)
 Metaspace       used 133987K, capacity 137847K, committed 138524K, reserved 1169408K
  class space    used 16785K, capacity 18264K, committed 18432K, reserved 1048576K
}
Event: 2774.260 GC heap before
{Heap before GC invocations=95 (full 0):
 garbage-first heap   total 406528K, used 233002K [0x0000000080000000, 0x0000000100000000)
  region size 1024K, 19 young (19456K), 9 survivors (9216K)
 Metaspace       used 134013K, capacity 137856K, committed 138524K, reserved 1169408K
  class space    used 16786K, capacity 18265K, committed 18432K, reserved 1048576K
}
Event: 2774.480 GC heap after
{Heap after GC invocations=96 (full 0):
 garbage-first heap   total 406528K, used 209528K [0x0000000080000000, 0x0000000100000000)
  region size 1024K, 1 young (1024K), 1 survivors (1024K)
 Metaspace       used 134013K, capacity 137856K, committed 138524K, reserved 1169408K
  class space    used 16786K, capacity 18265K, committed 18432K, reserved 1048576K
}
Event: 2778.356 GC heap before
{Heap before GC invocations=96 (full 0):
 garbage-first heap   total 406528K, used 297592K [0x0000000080000000, 0x0000000100000000)
  region size 1024K, 89 young (91136K), 1 survivors (1024K)
 Metaspace       used 135607K, capacity 139721K, committed 140060K, reserved 1171456K
  class space    used 16955K, capacity 18508K, committed 18688K, reserved 1048576K
}
Event: 2778.476 GC heap after
{Heap after GC invocations=97 (full 0):
 garbage-first heap   total 406528K, used 222685K [0x0000000080000000, 0x0000000100000000)
  region size 1024K, 14 young (14336K), 14 survivors (14336K)
 Metaspace       used 135607K, capacity 139721K, committed 140060K, reserved 1171456K
  class space    used 16955K, capacity 18508K, committed 18688K, reserved 1048576K
}
Event: 2780.942 GC heap before
{Heap before GC invocations=98 (full 0):
 garbage-first heap   total 406528K, used 269789K [0x0000000080000000, 0x0000000100000000)
  region size 1024K, 114 young (116736K), 14 survivors (14336K)
 Metaspace       used 133313K, capacity 136986K, committed 140060K, reserved 1171456K
  class space    used 16626K, capacity 18039K, committed 18688K, reserved 1048576K
}
Event: 2780.965 GC heap after
{Heap after GC invocations=99 (full 0):
 garbage-first heap   total 406528K, used 155174K [0x0000000080000000, 0x0000000100000000)
  region size 1024K, 2 young (2048K), 2 survivors (2048K)
 Metaspace       used 133313K, capacity 136986K, committed 140060K, reserved 1171456K
  class space    used 16626K, capacity 18039K, committed 18688K, reserved 1048576K
}
Event: 2781.204 GC heap before
{Heap before GC invocations=99 (full 0):
 garbage-first heap   total 406528K, used 172582K [0x0000000080000000, 0x0000000100000000)
  region size 1024K, 19 young (19456K), 2 survivors (2048K)
 Metaspace       used 133314K, capacity 136986K, committed 140060K, reserved 1171456K
  class space    used 16626K, capacity 18039K, committed 18688K, reserved 1048576K
}
Event: 2781.220 GC heap after
{Heap after GC invocations=100 (full 0):
 garbage-first heap   total 406528K, used 131802K [0x0000000080000000, 0x0000000100000000)
  region size 1024K, 1 young (1024K), 1 survivors (1024K)
 Metaspace       used 133314K, capacity 136986K, committed 140060K, reserved 1171456K
  class space    used 16626K, capacity 18039K, committed 18688K, reserved 1048576K
}
Event: 2782.112 GC heap before
{Heap before GC invocations=100 (full 0):
 garbage-first heap   total 406528K, used 256730K [0x0000000080000000, 0x0000000100000000)
  region size 1024K, 124 young (126976K), 1 survivors (1024K)
 Metaspace       used 133426K, capacity 137160K, committed 140060K, reserved 1171456K
  class space    used 16641K, capacity 18052K, committed 18688K, reserved 1048576K
}
Event: 2782.121 GC heap after
{Heap after GC invocations=101 (full 0):
 garbage-first heap   total 406528K, used 132011K [0x0000000080000000, 0x0000000100000000)
  region size 1024K, 2 young (2048K), 2 survivors (2048K)
 Metaspace       used 133426K, capacity 137160K, committed 140060K, reserved 1171456K
  class space    used 16641K, capacity 18052K, committed 18688K, reserved 1048576K
}

